C51 COMPILER V9.01   GPIO                                                                  10/08/2018 08:24:22 PAGE 1   


C51 COMPILER V9.01, COMPILATION OF MODULE GPIO
OBJECT MODULE PLACED IN gpio.OBJ
COMPILER INVOKED BY: C:\Tool\KeilC_8051\C51\BIN\C51.EXE gpio.c OMF2 BROWSE DEBUG

line level    source

   1          #include "gpio.h"
   2          
   3          void led_on(unsigned char led_pin)
   4          {
   5   1              switch(led_pin)
   6   1              {
   7   2                      case 0:
   8   2                              P1_0 = 1;
   9   2                              break;
  10   2                      case 1:
  11   2                              P1_1 = 1;
  12   2                              break;
  13   2                      case 2:
  14   2                              P1_2 = 1;
  15   2                              break;
  16   2                      case 3:
  17   2                              P1_3 = 1;
  18   2                              break;
  19   2                      case 4:
  20   2                              P1_4 = 1;
  21   2                              break;
  22   2                      case 5:
  23   2                              P1_5 = 1;
  24   2                              break;
  25   2                      case 6:
  26   2                              P1_6 = 1;
  27   2                              break;
  28   2                      case 7:
  29   2                              P1_7 = 1;
  30   2                              break;          
  31   2              }
  32   1      }
  33          void led_off(unsigned char led_pin)
  34          {
  35   1              switch(led_pin)
  36   1              {
  37   2                      case 0:
  38   2                              P1_0 = 0;
  39   2                              break;
  40   2                      case 1:
  41   2                              P1_1 = 0;
  42   2                              break;
  43   2                      case 2:
  44   2                              P1_2 = 1;
  45   2                              break;
  46   2                      case 3:
  47   2                              P1_3 = 0;
  48   2                              break;
  49   2                      case 4:
  50   2                              P1_4 = 0;
  51   2                              break;
  52   2                      case 5:
  53   2                              P1_5 = 0;
  54   2                              break;
  55   2                      case 6:
C51 COMPILER V9.01   GPIO                                                                  10/08/2018 08:24:22 PAGE 2   

  56   2                              P1_6 = 0;
  57   2                              break;
  58   2                      case 7:
  59   2                              P1_7 = 0;
  60   2                              break;          
  61   2              }
  62   1      }
  63          void led_callback(unsigned char argc,unsigned char** argv)
  64          {
  65   1        unsigned char led_id = argv[0][0] - '0';
  66   1        if(!strcmp("on",argv[1]))
  67   1        {
  68   2              led_on(led_id);
  69   2        }else{
  70   2              led_off(led_id);
  71   2        }
  72   1      }
*** WARNING C280 IN LINE 63 OF GPIO.C: 'argc': unreferenced local variable


MODULE INFORMATION:   STATIC OVERLAYABLE
   CODE SIZE        =    173    ----
   CONSTANT SIZE    =      3    ----
   XDATA SIZE       =   ----    ----
   PDATA SIZE       =   ----    ----
   DATA SIZE        =   ----       5
   IDATA SIZE       =   ----    ----
   BIT SIZE         =   ----    ----
   EDATA SIZE       =   ----    ----
   HDATA SIZE       =   ----    ----
   XDATA CONST SIZE =   ----    ----
   FAR CONST SIZE   =   ----    ----
END OF MODULE INFORMATION.


C51 COMPILATION COMPLETE.  1 WARNING(S),  0 ERROR(S)
