C51 COMPILER V9.00   MACHDONHIETDO                                                         01/18/2016 10:44:54 PAGE 1   


C51 COMPILER V9.00, COMPILATION OF MODULE MACHDONHIETDO
OBJECT MODULE PLACED IN machdonhietdo.OBJ
COMPILER INVOKED BY: C:\Keil\C51\BIN\C51.EXE machdonhietdo.c BROWSE DEBUG OBJECTEXTEND

line level    source

   1          /*
   2          Do nhiet do dung LM35 va ADC0808 hoac ADC0809
   3          www.mualinhkien.vn
   4          */
   5          #include <REGX51.H>
   6          #define VREF                    5 //VREF=5V
   7          //Khai bao chan giao tiep ADC0808
   8          #define ADC0808_DATA    P3      //PORT
   9          #define ADC0808_A               P2_0 //PIN
  10          #define ADC0808_B               P2_1
  11          #define ADC0808_C               P2_2
  12          #define ADC0808_ALE     P2_3
  13          #define ADC0808_START   P2_4
  14          #define ADC0808_EOC     P2_5
  15          #define ADC0808_OE      P2_6
  16          #define ADC0808_CLK             P2_7
  17          //Khai bao chan giao tiep LCD16x2 4bit
  18          #define LCD_RS P0_0
  19          #define LCD_RW P0_1
  20          #define LCD_EN P0_2
  21          #define LCD_D4 P0_4
  22          #define LCD_D5 P0_5
  23          #define LCD_D6 P0_6
  24          #define LCD_D7 P0_7
  25          /*****************ADC0808*********************/
  26          //Ham doc ADC0808 theo kenh
  27          unsigned char ADC0808_Read(unsigned char channel){
  28   1              unsigned char kq;
  29   1              ADC0808_A = channel & 0x01;
  30   1              ADC0808_B = channel & 0x02;
  31   1              ADC0808_C = channel & 0x04;
  32   1              ADC0808_ALE = 1;
  33   1              ADC0808_START = 1;
  34   1              ADC0808_ALE = 0;
  35   1              ADC0808_START = 0;
  36   1              while(ADC0808_EOC);
  37   1              while(!ADC0808_EOC);
  38   1              ADC0808_OE = 1;
  39   1              kq = ADC0808_DATA;
  40   1              ADC0808_OE = 0;
  41   1              return kq;
  42   1      }
  43          /*****************Ham delay*********************/
  44           void delay_us(unsigned int t){
  45   1              unsigned int i;
  46   1              for(i=0;i<t;i++);
  47   1      }
  48          void delay_ms(unsigned int t){
  49   1              unsigned int i,j;
  50   1              for(i=0;i<t;i++)
  51   1              for(j=0;j<125;j++);
  52   1      }
  53          /**************Ctr giao tiep LCD 16x2 4bit**********************/
  54          void LCD_Enable(void){
  55   1              LCD_EN =1;
C51 COMPILER V9.00   MACHDONHIETDO                                                         01/18/2016 10:44:54 PAGE 2   

  56   1              delay_us(3);
  57   1              LCD_EN=0;
  58   1              delay_us(50); 
  59   1      }
  60          //Ham Gui 4 Bit Du Lieu Ra LCD
  61          void LCD_Send4Bit(unsigned char Data){
  62   1              LCD_D4=Data & 0x01;
  63   1              LCD_D5=(Data>>1)&1;
  64   1              LCD_D6=(Data>>2)&1;
  65   1              LCD_D7=(Data>>3)&1;
  66   1      }
  67          // Ham Gui 1 Lenh Cho LCD
  68          void LCD_SendCommand(unsigned char command){
  69   1              LCD_Send4Bit(command >>4);/* Gui 4 bit cao */
  70   1              LCD_Enable();
  71   1              LCD_Send4Bit(command); /* Gui 4 bit thap*/
  72   1              LCD_Enable();
  73   1      }
  74          void LCD_Clear(){// Ham Xoa Man Hinh LCD
  75   1              LCD_SendCommand(0x01); 
  76   1              delay_us(10);
  77   1      }
  78          // Ham Khoi Tao LCD
  79          void LCD_Init(){
  80   1              LCD_Send4Bit(0x00);
  81   1              delay_ms(20);
  82   1              LCD_RS=0;
  83   1              LCD_RW=0;
  84   1              LCD_Send4Bit(0x03);
  85   1              LCD_Enable();
  86   1              delay_ms(5);
  87   1              LCD_Enable();
  88   1              delay_us(100);
  89   1              LCD_Enable();
  90   1              LCD_Send4Bit(0x02);
  91   1              LCD_Enable();
  92   1              LCD_SendCommand( 0x28 ); // giao thuc 4 bit, hien thi 2 hang, ki tu 5x8
  93   1              LCD_SendCommand( 0x0c); // cho phep hien thi man hinh
  94   1              LCD_SendCommand( 0x06 ); // tang ID, khong dich khung hinh
  95   1              LCD_SendCommand(0x01); // xoa toan bo khung hinh
  96   1      }
  97          void LCD_Gotoxy(unsigned char x, unsigned char y){
  98   1              unsigned char address;
  99   1              if(!y)address=(0x80+x);
 100   1              else address=(0xc0+x);
 101   1              delay_us(1000);
 102   1              LCD_SendCommand(address);
 103   1              delay_us(50);
 104   1      }
 105          void LCD_PutChar(unsigned char Data){//Ham Gui 1 Ki Tu
 106   1              LCD_RS=1;
 107   1              LCD_SendCommand(Data);
 108   1              LCD_RS=0 ;
 109   1      }
 110          void LCD_Puts(char *s){//Ham gui 1 chuoi ky tu
 111   1              while (*s){
 112   2                      LCD_PutChar(*s);
 113   2                      s++;
 114   2              }
 115   1      }
 116          /**************Show Temp***********************
 117          unsigned char Temp(unsigned char adc){//Tinh nhiet do tu adc8bit
C51 COMPILER V9.00   MACHDONHIETDO                                                         01/18/2016 10:44:54 PAGE 3   

 118                   return ((VREF*adc)/2.56f); //Tinh nhiet do 
 119          }  */
 120          void TempShow(unsigned char z){ //Chuyen doi hien thi
 121   1           LCD_Puts("Nhiet do: ");
 122   1           LCD_PutChar((z/100)+48);//Tram
 123   1           LCD_PutChar((z%100/10)+48);//Chuc
 124   1           LCD_PutChar((z%10)+48);//Don vi 
 125   1           LCD_Puts("'C");
 126   1      }
 127          /******************Ctr ngat timer 0**************************/
 128          void INT_Timer0()interrupt 1 {
 129   1           //ctr phuc vu ngat tao xung clock cho ADC0808
 130   1           ADC0808_CLK=~ADC0808_CLK; //Dao bit
 131   1      }
 132          /******************Ctr chinh**************************/
 133          unsigned char temp;
 134          void main(){
 135   1              //Tao xung clock cho ADC0808 dung ngat timer
 136   1              TMOD=0x02; //Timer0 8bit tu nap lai
 137   1              TH0=TL0=236;//Tao ngat 20us
 138   1              TR0=1;//Khoi dong timer0
 139   1          ET0=1;//Ngat timer0
 140   1          EA=1;//Cho phep ngat cuc bo
 141   1              //init  
 142   1              LCD_Init();//Khoi tao LCD
 143   1          delay_ms(200);
 144   1              LCD_Puts("Do nhiet do...");//Gui chuoi len LCD
 145   1          delay_ms(500);
 146   1          LCD_Clear();//Xoa man hinh
 147   1              LCD_Gotoxy(0,1);
 148   1              LCD_Puts("MuaLinhKien.vn");
 149   1              while(1){
 150   2                        LCD_Gotoxy(0,0);
 151   2                        temp=ADC0808_Read(0); //Doc ADC0
 152   2                        //temp=Temp(temp); //Tinh nhiet do
 153   2                        TempShow(temp); //Hien thi nhiet do
 154   2                        delay_ms(500);//0.5s doc mot lan
 155   2              }
 156   1      }//THE END
 157          


MODULE INFORMATION:   STATIC OVERLAYABLE
   CODE SIZE        =    453    ----
   CONSTANT SIZE    =     44    ----
   XDATA SIZE       =   ----    ----
   PDATA SIZE       =   ----    ----
   DATA SIZE        =      1       4
   IDATA SIZE       =   ----    ----
   BIT SIZE         =   ----    ----
END OF MODULE INFORMATION.


C51 COMPILATION COMPLETE.  0 WARNING(S),  0 ERROR(S)
