C51 COMPILER V9.01   MAIN                                                                  04/03/2019 17:48:47 PAGE 1   


C51 COMPILER V9.01, COMPILATION OF MODULE MAIN
OBJECT MODULE PLACED IN main.OBJ
COMPILER INVOKED BY: C:\Tools\Keil C V4\C51\BIN\C51.EXE main.c BROWSE DEBUG OBJECTEXTEND

line level    source

   1          #include <REGX51.H>
   2          
   3          char key[10] = {0xc0,0xf9,0xa4,0xb0,0x99,0x92,0x82,0xf8,0x80,0x90};
   4          volatile unsigned long count = 0;
   5          volatile unsigned char tick = 0;
   6          
   7          unsigned char start = 0;
   8          
   9          unsigned char min = 0;
  10          unsigned char sec = 0;
  11          unsigned char tac = 0;
  12          
  13          void init_external_IRQ()
  14          {
  15   1                 IT0 = 1;
  16   1                 IT1 = 1;
  17   1                 EX0 = 1;
  18   1                 EX1 = 1;
  19   1                 EA = 1;
  20   1      }
  21          
  22          /****************** TIMER ******************************/
  23          void timer0_init()         // 1ms
  24          {
  25   1              TMOD &= ~0x0F;
  26   1              TMOD |= 0x01; // 16 bit
  27   1              TH0 = 0xFC;
  28   1              TL0 = 0x18;
  29   1              ET0 = 1;   // enable timer0 interrupt
  30   1              EA = 1;
  31   1              TR0 = 1;
  32   1      }
  33          /****************** delay function ******************************/
  34          void delay(unsigned long time)
  35          {
  36   1              unsigned long current_count = count;
  37   1              while(!(count - current_count == time));
  38   1      }
  39          
  40          #define LED             P2
  41          
  42          #define c_min   P1_0
  43          #define d_min   P1_1
  44          #define c_sec   P1_2
  45          #define d_sec   P1_3
  46          #define c_tac   P1_4
  47          #define d_tac   P1_5
  48          
  49          
  50          void quet_led()
  51          {
  52   1              d_tac = 1;
  53   1              LED =  key[tac%10];
  54   1              delay(5);
  55   1              d_tac = 0;
C51 COMPILER V9.01   MAIN                                                                  04/03/2019 17:48:47 PAGE 2   

  56   1              /****/
  57   1              c_tac = 1;
  58   1              LED =  key[tac/10];
  59   1              delay(5);
  60   1              c_tac = 0;
  61   1      
  62   1              d_sec = 1;
  63   1              LED =  key[sec%10];
  64   1              delay(5);
  65   1              d_sec = 0;
  66   1              /****/
  67   1              c_sec = 1;
  68   1              LED =  key[sec/10];
  69   1              delay(5);
  70   1              c_sec = 0;
  71   1      
  72   1              d_min = 1;
  73   1              LED =  key[min%10];
  74   1              delay(5);
  75   1              d_min = 0;
  76   1              /****/
  77   1              c_min = 1;
  78   1              LED =  key[min/10];
  79   1              delay(5);
  80   1              c_min = 0;                      
  81   1      }
  82          
  83          void main()
  84          {
  85   1              timer0_init();
  86   1              init_external_IRQ();
  87   1              P2 = P1 = 0x00;
  88   1              start = 0;
  89   1      
  90   1              while(1)
  91   1              {       
  92   2                      quet_led();             
  93   2              }                               
  94   1      }
  95          void External_ISR0() interrupt 0
  96          {
  97   1              start = ~ start;
  98   1      }
  99          void External_ISR1() interrupt 2
 100          {
 101   1              tick = 0;
 102   1              tac = 0;
 103   1              sec = 0;
 104   1              min = 0;
 105   1      }
 106          void timer0_ISR(void) interrupt 1
 107          {
 108   1               
 109   1               count++;
 110   1               if(start)
 111   1               {
 112   2                       tick++;
 113   2                       if(tick >9)
 114   2                       {
 115   3                              tick = 0;
 116   3                              tac += 1;
 117   3                              if(tac > 99)
C51 COMPILER V9.01   MAIN                                                                  04/03/2019 17:48:47 PAGE 3   

 118   3                              {
 119   4                                      tac = 0;
 120   4                                      sec += 1;
 121   4                                      if(sec >59)
 122   4                                      {
 123   5                                              sec = 0;
 124   5                                              min ++;
 125   5                                      }
 126   4                              }
 127   3                       }
 128   2               }
 129   1               TH0 = 0xFC;
 130   1               TL0 = 0x18;
 131   1      }


MODULE INFORMATION:   STATIC OVERLAYABLE
   CODE SIZE        =    325    ----
   CONSTANT SIZE    =   ----    ----
   XDATA SIZE       =   ----    ----
   PDATA SIZE       =   ----    ----
   DATA SIZE        =     19       8
   IDATA SIZE       =   ----    ----
   BIT SIZE         =   ----    ----
END OF MODULE INFORMATION.


C51 COMPILATION COMPLETE.  0 WARNING(S),  0 ERROR(S)
