C51 COMPILER V9.01   MAIN                                                                  09/28/2018 10:09:38 PAGE 1   


C51 COMPILER V9.01, COMPILATION OF MODULE MAIN
OBJECT MODULE PLACED IN main.OBJ
COMPILER INVOKED BY: C:\Tool\KeilC_8051\C51\BIN\C51.EXE main.c BROWSE DEBUG OBJECTEXTEND

line level    source

   1          #include <REGX51.H>
   2          
   3          void delay(unsigned int t)
   4          {
   5   1              while(t--)
   6   1              {
   7   2                      TMOD = 0x01; // timer0 mode1
   8   2                      TH0 = 0xfc;
   9   2                      TL0 = 0x18;
  10   2              
  11   2                      TR0 = 1;
  12   2                      while(TF0 == 0){}
  13   2                      TR0 = 0;
  14   2                      TF0 = 0;
  15   2              }
  16   1      }
  17          void main()
  18          {
  19   1              P1 = 0x00;
  20   1              delay(1000);
  21   1              P1 = 0xff;
  22   1              delay(1000);    
  23   1      
  24   1      
  25   1      }


MODULE INFORMATION:   STATIC OVERLAYABLE
   CODE SIZE        =     51    ----
   CONSTANT SIZE    =   ----    ----
   XDATA SIZE       =   ----    ----
   PDATA SIZE       =   ----    ----
   DATA SIZE        =   ----    ----
   IDATA SIZE       =   ----    ----
   BIT SIZE         =   ----    ----
END OF MODULE INFORMATION.


C51 COMPILATION COMPLETE.  0 WARNING(S),  0 ERROR(S)
