02:07:28.532 > current_rssi/smoothed_rssi: 37 / 34.00
02:07:30.536 > current_rssi/smoothed_rssi: 37 / 35.00
02:07:32.540 > current_rssi/smoothed_rssi: 37 / 35.00
02:07:34.544 > current_rssi/smoothed_rssi: 37 / 35.00
02:07:36.548 > current_rssi/smoothed_rssi: 37 / 35.00
02:07:38.552 > current_rssi/smoothed_rssi: 37 / 35.00
02:07:40.556 > current_rssi/smoothed_rssi: 37 / 36.00
02:07:42.560 > current_rssi/smoothed_rssi: 37 / 36.00
02:07:44.564 > current_rssi/smoothed_rssi: 37 / 36.00
02:07:46.568 > current_rssi/smoothed_rssi: 37 / 36.00
02:07:48.565 > current_rssi/smoothed_rssi: 37 / 36.00
02:07:50.568 > current_rssi/smoothed_rssi: 37 / 36.00
02:07:52.565 > current_rssi/smoothed_rssi: 37 / 36.00
02:07:54.583 > current_rssi/smoothed_rssi: 37 / 36.00
02:07:56.587 > current_rssi/smoothed_rssi: 37 / 36.00
02:07:58.591 > current_rssi/smoothed_rssi: 37 / 36.00
02:08:00.595 > current_rssi/smoothed_rssi: 37 / 36.00
02:08:02.599 > current_rssi/smoothed_rssi: 37 / 36.00
02:08:04.603 > current_rssi/smoothed_rssi: 37 / 36.00
02:08:06.598 > current_rssi/smoothed_rssi: 37 / 37.00
02:08:08.611 > current_rssi/smoothed_rssi: 37 / 37.00
02:08:10.614 > current_rssi/smoothed_rssi: 37 / 37.00
02:08:12.615 > current_rssi/smoothed_rssi: 37 / 37.00
02:08:14.615 > current_rssi/smoothed_rssi: 37 / 37.00
02:08:16.615 > current_rssi/smoothed_rssi: 37 / 37.00
02:08:18.615 > current_rssi/smoothed_rssi: 37 / 37.00
02:08:20.634 > current_rssi/smoothed_rssi: 37 / 37.00
02:08:22.638 > current_rssi/smoothed_rssi: 37 / 37.00
02:08:24.642 > current_rssi/smoothed_rssi: 37 / 37.00
02:08:26.645 > current_rssi/smoothed_rssi: 37 / 37.00
02:08:28.650 > current_rssi/smoothed_rssi: 37 / 37.00
02:08:30.653 > current_rssi/smoothed_rssi: 37 / 37.00
02:08:32.657 > current_rssi/smoothed_rssi: 37 / 37.00
02:08:34.661 > current_rssi/smoothed_rssi: 37 / 37.00
02:08:36.664 > current_rssi/smoothed_rssi: 37 / 37.00
02:08:38.665 > current_rssi/smoothed_rssi: 37 / 37.00
02:08:40.665 > current_rssi/smoothed_rssi: 37 / 37.00
02:08:42.665 > current_rssi/smoothed_rssi: 37 / 37.00
02:08:44.681 > current_rssi/smoothed_rssi: 38 / 37.00
02:08:46.684 > current_rssi/smoothed_rssi: 37 / 37.00
02:08:48.688 > current_rssi/smoothed_rssi: 37 / 37.00
02:08:50.692 > current_rssi/smoothed_rssi: 37 / 37.00
02:08:52.696 > current_rssi/smoothed_rssi: 37 / 37.00
02:08:54.700 > current_rssi/smoothed_rssi: 37 / 37.00
02:08:56.704 > current_rssi/smoothed_rssi: 37 / 37.00
02:08:58.707 > current_rssi/smoothed_rssi: 37 / 37.00
02:09:00.712 > current_rssi/smoothed_rssi: 37 / 37.00
02:09:02.715 > current_rssi/smoothed_rssi: 37 / 37.00
02:09:04.719 > current_rssi/smoothed_rssi: 37 / 37.00
02:09:06.715 > current_rssi/smoothed_rssi: 37 / 37.00
02:09:08.715 > current_rssi/smoothed_rssi: 37 / 37.00
02:09:10.731 > current_rssi/smoothed_rssi: 37 / 37.00
02:09:12.735 > current_rssi/smoothed_rssi: 37 / 37.00
02:09:14.740 > current_rssi/smoothed_rssi: 37 / 37.00
02:09:16.743 > current_rssi/smoothed_rssi: 38 / 37.00
02:09:18.747 > current_rssi/smoothed_rssi: 38 / 37.00
02:09:20.751 > calib_step: 1
02:09:20.752 > calib_step: 2
02:09:20.753 > calib_step: 3
02:09:20.754 > sum1: 0, temp: 0.000000 variance1: 0.000000
02:09:20.758 > sum2: 0, temp: 0.000000 variance2: 0.000000
02:09:20.762 > calib_step: 4
02:09:20.763 > calib_step: 5
02:09:20.765 > mean: 36.849998 mean1: 36.849998 variance: 0.000000 variance1: 0.000000
02:09:20.771 > detection_step: 0
02:09:20.773 > current_rssi/smoothed_rssi: 38 / 37.00
02:09:22.765 > detection_step: 1
02:09:24.765 > detection_step: 2
02:09:24.780 > mean: 36.85 mean_detector: 37.00 mean_deviation: 0.15 mean_diff: 0.15
02:09:24.786 > variance: 0.00 variance_detector: 0.00 variance_deviation: 0.000000 Vardiff: 0.00
02:09:24.793 > khong co nguoi
02:09:26.793 > detection_step: 3
02:09:28.793 > detection_step: 0
02:09:28.795 > current_rssi/smoothed_rssi: 37 / 37.00
02:09:30.799 > detection_step: 1
02:09:32.799 > detection_step: 2
02:09:32.801 > mean: 36.85 mean_detector: 55.50 mean_deviation: 0.15 mean_diff: 18.65
02:09:32.807 > variance: 0.00 variance_detector: 18.49 variance_deviation: 0.000000 Vardiff: 18.49
02:09:32.814 > co nguoi
02:09:34.814 > detection_step: 3
02:09:36.815 > detection_step: 0
02:09:36.816 > current_rssi/smoothed_rssi: 37 / 37.00
02:09:38.815 > detection_step: 1
02:09:40.815 > detection_step: 2
02:09:40.822 > mean: 36.85 mean_detector: 55.50 mean_deviation: 0.15 mean_diff: 18.65
02:09:40.828 > variance: 0.00 variance_detector: 21.35 variance_deviation: 0.000000 Vardiff: 21.35
02:09:40.836 > co nguoi
02:09:42.836 > detection_step: 3
02:09:44.836 > detection_step: 0
02:09:44.837 > current_rssi/smoothed_rssi: 37 / 37.00
02:09:46.842 > detection_step: 1
02:09:48.842 > detection_step: 2
02:09:48.844 > mean: 36.85 mean_detector: 50.88 mean_deviation: 0.15 mean_diff: 14.03
02:09:48.850 > variance: 0.00 variance_detector: 17.49 variance_deviation: 0.000000 Vardiff: 17.49
02:09:48.857 > co nguoi
02:09:50.849 > detection_step: 3
02:09:52.857 > detection_step: 0
02:09:52.859 > current_rssi/smoothed_rssi: 37 / 37.00
02:09:54.863 > detection_step: 1
02:09:56.863 > detection_step: 2
02:09:56.865 > mean: 36.85 mean_detector: 47.17 mean_deviation: 0.15 mean_diff: 10.33
02:09:56.871 > variance: 0.00 variance_detector: 12.81 variance_deviation: 0.000000 Vardiff: 12.81
02:09:56.879 > co nguoi
02:09:58.865 > detection_step: 3
02:10:00.879 > detection_step: 0
02:10:00.880 > current_rssi/smoothed_rssi: 37 / 37.00
02:10:02.884 > detection_step: 1
02:10:04.884 > detection_step: 2
02:10:04.886 > mean: 36.85 mean_detector: 44.86 mean_deviation: 0.15 mean_diff: 8.01
02:10:04.892 > variance: 0.00 variance_detector: 9.38 variance_deviation: 0.000000 Vardiff: 9.38
02:10:04.899 > co nguoi
02:10:06.899 > detection_step: 3
02:10:08.900 > detection_step: 0
02:10:08.902 > current_rssi/smoothed_rssi: 37 / 37.00
02:10:10.905 > detection_step: 1
02:10:12.905 > detection_step: 2
02:10:12.906 > mean: 36.85 mean_detector: 43.41 mean_deviation: 0.15 mean_diff: 6.56
02:10:12.913 > variance: 0.00 variance_detector: 7.28 variance_deviation: 0.000000 Vardiff: 7.28
02:10:12.920 > co nguoi
02:10:14.916 > detection_step: 3
02:10:16.921 > detection_step: 0
02:10:16.922 > current_rssi/smoothed_rssi: 37 / 37.00
02:10:18.916 > detection_step: 1
02:10:20.926 > detection_step: 2
02:10:20.933 > mean: 36.85 mean_detector: 42.43 mean_deviation: 0.15 mean_diff: 5.58
02:10:20.933 > variance: 0.00 variance_detector: 5.92 variance_deviation: 0.000000 Vardiff: 5.92
02:10:20.942 > co nguoi
02:10:22.941 > detection_step: 3
02:10:24.942 > detection_step: 0
02:10:24.944 > current_rssi/smoothed_rssi: 37 / 37.00
02:10:26.947 > detection_step: 1
02:10:28.947 > detection_step: 2
02:10:28.949 > mean: 36.85 mean_detector: 41.71 mean_deviation: 0.15 mean_diff: 4.86
02:10:28.955 > variance: 0.00 variance_detector: 5.00 variance_deviation: 0.000000 Vardiff: 5.00
02:10:28.962 > co nguoi
02:10:30.962 > detection_step: 3
02:10:32.963 > detection_step: 0
02:10:32.965 > current_rssi/smoothed_rssi: 37 / 37.00
02:10:34.967 > detection_step: 1
02:10:36.966 > detection_step: 2
02:10:36.970 > mean: 36.85 mean_detector: 41.17 mean_deviation: 0.15 mean_diff: 4.32
02:10:36.976 > variance: 0.00 variance_detector: 4.36 variance_deviation: 0.000000 Vardiff: 4.36
02:10:36.984 > co nguoi
02:10:38.983 > detection_step: 3
02:10:40.983 > detection_step: 0
02:10:40.985 > current_rssi/smoothed_rssi: 37 / 37.00
