Added Component: Designator=C22(CP2/5)
Add component. Clean all parameters for all variants
Add component (AddParameter): Name = "LatestRevisionDate"; Value = "17-Jul-2002"; VariantName = "[No Variations]"
Add component (AddParameter): Name = "LatestRevisionNote"; Value = "Re-released for DXP Platform."; VariantName = "[No Variations]"
Add component (AddParameter): Name = "PackageReference"; Value = "C0805"; VariantName = "[No Variations]"
Add component (AddParameter): Name = "Publisher"; Value = "Altium Limited"; VariantName = "[No Variations]"
Add component (AddParameter): Name = "Value"; Value = "1000pF/35V"; VariantName = "[No Variations]"
Add component (AddParameter ignored because duplicated): Name = "VALUE"; Value = "C?"; VariantName = "[No Variations]"
Added Component: Designator=IC?(DIP40/W0.6)
Add component. Clean all parameters for all variants
Add component (AddParameter): Name = "Value"; Value = "AT89S52"; VariantName = "[No Variations]"
Added Component: Designator=IC?(DS18S20)
Add component. Clean all parameters for all variants
Added Component: Designator=LCD?(LCD16X2)
Add component. Clean all parameters for all variants
Add component (AddParameter): Name = "Value"; Value = "LCD16x2A"; VariantName = "[No Variations]"
Added Component: Designator=R?(R1/4W)
Add component. Clean all parameters for all variants
Add component (AddParameter): Name = "Value"; Value = "R1/4W - 1K"; VariantName = "[No Variations]"
Added Component: Designator=SW?(SW2)
Add component. Clean all parameters for all variants
Add component (AddParameter): Name = "Value"; Value = "SW chip 2 pin"; VariantName = "[No Variations]"
Added Component: Designator=X?(XT2)
Add component. Clean all parameters for all variants
Add component (AddParameter): Name = "Value"; Value = "4Mhz"; VariantName = "[No Variations]"
Added Pin To Net: NetName=18 Pin=C22-2
Added Pin To Net: NetName=18 Pin=IC?-18
Added Pin To Net: NetName=18 Pin=X?-1
Added Net: Name=18
Added Pin To Net: NetName=19 Pin=IC?-19
Added Pin To Net: NetName=19 Pin=X?-2
Added Net: Name=19
Added Pin To Net: NetName=GND Pin=IC?-5
Added Pin To Net: NetName=GND Pin=IC?-20
Added Pin To Net: NetName=GND Pin=LCD?-1
Added Pin To Net: NetName=GND Pin=LCD?-16
Added Pin To Net: NetName=GND Pin=R?-1
Added Pin To Net: NetName=GND Pin=SW?-1
Added Net: Name=GND
Added Pin To Net: NetName=NetC21_1 Pin=C22-1
Added Net: Name=NetC21_1
Added Pin To Net: NetName=NetIC?_4 Pin=IC?-4
Added Pin To Net: NetName=NetIC?_4 Pin=IC?-16
Added Net: Name=NetIC?_4
Added Pin To Net: NetName=NetIC?_21 Pin=IC?-21
Added Pin To Net: NetName=NetIC?_21 Pin=LCD?-4
Added Net: Name=NetIC?_21
Added Pin To Net: NetName=NetIC?_22 Pin=IC?-22
Added Pin To Net: NetName=NetIC?_22 Pin=LCD?-5
Added Net: Name=NetIC?_22
Added Pin To Net: NetName=NetIC?_23 Pin=IC?-23
Added Pin To Net: NetName=NetIC?_23 Pin=LCD?-6
Added Net: Name=NetIC?_23
Added Pin To Net: NetName=NetIC?_24 Pin=IC?-24
Added Pin To Net: NetName=NetIC?_24 Pin=LCD?-10
Added Net: Name=NetIC?_24
Added Pin To Net: NetName=NetIC?_25 Pin=IC?-25
Added Pin To Net: NetName=NetIC?_25 Pin=LCD?-11
Added Net: Name=NetIC?_25
Added Pin To Net: NetName=NetIC?_26 Pin=IC?-26
Added Pin To Net: NetName=NetIC?_26 Pin=LCD?-12
Added Net: Name=NetIC?_26
Added Pin To Net: NetName=NetIC?_27 Pin=IC?-27
Added Pin To Net: NetName=NetIC?_27 Pin=LCD?-13
Added Net: Name=NetIC?_27
Added Pin To Net: NetName=NetIC?_28 Pin=IC?-28
Added Pin To Net: NetName=NetIC?_28 Pin=LCD?-14
Added Net: Name=NetIC?_28
Added Pin To Net: NetName=NetLCD?_3 Pin=LCD?-3
Added Pin To Net: NetName=NetLCD?_3 Pin=R?-2
Added Net: Name=NetLCD?_3
Added Pin To Net: NetName=RS Pin=C22-2
Added Pin To Net: NetName=RS Pin=R?-2
Added Net: Name=RS
Added Pin To Net: NetName=VCC Pin=C22-1
Added Pin To Net: NetName=VCC Pin=IC?-3
Added Pin To Net: NetName=VCC Pin=IC?-40
Added Pin To Net: NetName=VCC Pin=LCD?-2
Added Pin To Net: NetName=VCC Pin=LCD?-15
Added Pin To Net: NetName=VCC Pin=R?-1
Added Pin To Net: NetName=VCC Pin=SW?-2
Added Net: Name=VCC
Added Class: Name=Sheet1
Added Room: Name=Sheet1
