Removed Pin From Net: NetName=Net*_1 Pin=C1-1
Removed Pin From Net: NetName=Net*_1 Pin=C2-1
Removed Pin From Net: NetName=Net20000_1 Pin=IC?-18
Change Component Footprint: Designator=QB1 Old Footprint=QTO-92 New Footprint=QTO-247
Change Component Footprint: Designator=QB2 Old Footprint=QTO-92 New Footprint=QTO-247
Added Component: Designator=C?(CP1.5/3.4)
Add component. Clean all parameters for all variants
Add component (AddParameter): Name = "Description 1"; Value = "1000uF/6,3V - 470uF/16V - 330uF - 25V"; VariantName = "[No Variations]"
Add component (AddParameter): Name = "Description 2"; Value = "220uF/35V - 100uF/50V - 63V - 4,7uF/200V"; VariantName = "[No Variations]"
Add component (AddParameter): Name = "Description 3"; Value = "22uF => 33uF100V - 3,3uF => 4,7uF/250V"; VariantName = "[No Variations]"
Add component (AddParameter): Name = "Description 4"; Value = "2,2uF =>3,3uF/350 - 2,2uF/400V - 1uF/450V"; VariantName = "[No Variations]"
Add component (AddParameter): Name = "Value"; Value = "100uF/35V/50V"; VariantName = "[No Variations]"
Added Component: Designator=R?(R1/4W)
Add component. Clean all parameters for all variants
Add component (AddParameter): Name = "Value"; Value = "R1/4W - 1K"; VariantName = "[No Variations]"
Added Component: Designator=SW?(SW4)
Add component. Clean all parameters for all variants
Add component (AddParameter): Name = "Value"; Value = "Button chip 4 pin"; VariantName = "[No Variations]"
Added Pin To Net: NetName=GND Pin=C1-1
Added Pin To Net: NetName=GND Pin=C2-1
Added Pin To Net: NetName=NetD?_1 Pin=C?-1
Added Pin To Net: NetName=GND Pin=R?-1
Added Pin To Net: NetName=NetD?_1 Pin=SW?-4
Change Net Name : Old Net Name=NetD?_1 New Net Name=NetC?_1
Added Pin To Net: NetName=NetC?_2 Pin=C?-2
Added Pin To Net: NetName=NetC?_2 Pin=IC?-9
Added Pin To Net: NetName=NetC?_2 Pin=R?-2
Added Pin To Net: NetName=NetC?_2 Pin=SW?-3
Added Net: Name=NetC?_2
Added Member To Class: ClassName=Sheet1 Member=Component * JP52
Added Member To Class: ClassName=Sheet1 Member=Component C? 100uF/35V
Added Member To Class: ClassName=Sheet1 Member=Component R? 1k
Added Member To Class: ClassName=Sheet1 Member=Component SW? SW
Added Room: Name=Sheet1
