Removed Member From Class: ClassName=Sheet1 Member=*
Added Component: Designator=JP1(JP6)
Add component. Clean all parameters for all variants
Add component (AddParameter): Name = "Value"; Value = "JP7"; VariantName = "[No Variations]"
Added Component: Designator=JP2(JP6)
Add component. Clean all parameters for all variants
Add component (AddParameter): Name = "Value"; Value = "JP7"; VariantName = "[No Variations]"
Added Pin To Net: NetName=Sim_RX Pin=JP1-4
Added Pin To Net: NetName=8051_TX Pin=JP1-5
Added Pin To Net: NetName=GND Pin=JP1-6
Added Pin To Net: NetName=NetC?_1 Pin=C?-1
Added Pin To Net: NetName=NetC?_1 Pin=D?-2
Added Pin To Net: NetName=NetC?_1 Pin=JP1-2
Added Net: Name=NetC?_1
Added Member To Class: ClassName=Sheet1 Member=Component C? 100uF/35V
Added Member To Class: ClassName=Sheet1 Member=Component JP1 JP6 PIN
Added Member To Class: ClassName=Sheet1 Member=Component JP2 JP6 PIN
Added Member To Class: ClassName=Sheet1 Member=Component R2 1k
Added Member To Class: ClassName=Sheet1 Member=Component R3 2k2
Added Room: Name=Sheet1
