Removed Pin From Net: NetName=GND Pin=RL1-4
Removed Pin From Net: NetName=GND Pin=RL2-4
Added Component: Designator=R11(R1/4W)
Add component. Clean all parameters for all variants
Add component (AddParameter): Name = "Value"; Value = "R1/4W - 1K"; VariantName = "[No Variations]"
Added Component: Designator=R12(R1/4W)
Add component. Clean all parameters for all variants
Add component (AddParameter): Name = "Value"; Value = "R1/4W - 1K"; VariantName = "[No Variations]"
Added Pin To Net: NetName=GND Pin=R11-1
Added Pin To Net: NetName=GND Pin=R12-1
Added Pin To Net: NetName=NetR11_2 Pin=R11-2
Added Pin To Net: NetName=NetR11_2 Pin=RL2-4
Added Net: Name=NetR11_2
Added Pin To Net: NetName=NetR12_2 Pin=R12-2
Added Pin To Net: NetName=NetR12_2 Pin=RL1-4
Added Net: Name=NetR12_2
Added Member To Class: ClassName=Sheet1 Member=Component C? 100uF/35V
Added Member To Class: ClassName=Sheet1 Member=Component R2 1k
Added Member To Class: ClassName=Sheet1 Member=Component R11 330
Added Member To Class: ClassName=Sheet1 Member=Component R12 330
Added Room: Name=Sheet1
