Removed Pin From Net: NetName=VCC Pin=R?-1
Removed Pin From Net: NetName=NetLCD?_3 Pin=R?-2
Change component parameters: Designator = "C22"; Footprint = "CP2/5"; UniqueID = "\CJJOCBMF"
Change component parameters. Clean all parameters for all variants
Change component parameters (AddParameter): Name = "LatestRevisionDate"; Value = "17-Jul-2002"; VariantName = "[No Variations]"
Change component parameters (AddParameter): Name = "LatestRevisionNote"; Value = "Re-released for DXP Platform."; VariantName = "[No Variations]"
Change component parameters (AddParameter): Name = "PackageReference"; Value = "C0805"; VariantName = "[No Variations]"
Change component parameters (AddParameter): Name = "Publisher"; Value = "Altium Limited"; VariantName = "[No Variations]"
Change component parameters (AddParameter): Name = "Value"; Value = "1000pF/35V"; VariantName = "[No Variations]"
Change component parameters (AddParameter ignored because duplicated): Name = "VALUE"; Value = "C?"; VariantName = "[No Variations]"
Added Pin To Net: NetName=GND Pin=C22-1
Added Pin To Net: NetName=VCC Pin=C22-1
Added Pin To Net: NetName=RS Pin=C22-2
Added Pin To Net: NetName=VCC Pin=IC?-31
Added Pin To Net: NetName=GND Pin=R?-1
Added Pin To Net: NetName=VCC Pin=R?-1
Added Pin To Net: NetName=NetLCD?_3 Pin=R?-2
Added Pin To Net: NetName=RS Pin=R?-2
Added Pin To Net: NetName=NetC21_2 Pin=IC?-19
Added Pin To Net: NetName=NetC21_2 Pin=X?-2
Added Net: Name=NetC21_2
Added Pin To Net: NetName=NetC22_2 Pin=C22-2
Added Pin To Net: NetName=NetC22_2 Pin=IC?-18
Added Pin To Net: NetName=NetC22_2 Pin=X?-1
Added Net: Name=NetC22_2
Added Member To Class: ClassName=Sheet1 Member=Component C22 104
Added Member To Class: ClassName=Sheet1 Member=Component IC? AT89S52
Added Member To Class: ClassName=Sheet1 Member=Component R? 1k
