Removed Pin From Net: NetName=VCC Pin=R1-1
Removed Pin From Net: NetName=NetLCD1_3 Pin=R1-2
Removed Pin From Net: NetName=GND Pin=R1-3
Removed Member From Class: ClassName=Sheet1 Member=R2
Change Component Designator: OldDesignator=R2 NewDesignator=R1
Change component parameters: Designator = "C1"; Footprint = "CP2/5"; UniqueID = "\CJJOCBMF"
Change component parameters. Clean all parameters for all variants
Change component parameters (AddParameter): Name = "LatestRevisionDate"; Value = "17-Jul-2002"; VariantName = "[No Variations]"
Change component parameters (AddParameter): Name = "LatestRevisionNote"; Value = "Re-released for DXP Platform."; VariantName = "[No Variations]"
Change component parameters (AddParameter): Name = "PackageReference"; Value = "C0805"; VariantName = "[No Variations]"
Change component parameters (AddParameter): Name = "Publisher"; Value = "Altium Limited"; VariantName = "[No Variations]"
Change component parameters (AddParameter): Name = "Value"; Value = "1000pF/35V"; VariantName = "[No Variations]"
Change component parameters (AddParameter ignored because duplicated): Name = "VALUE"; Value = "C?"; VariantName = "[No Variations]"
Added Component: Designator=VR1(VR)
Add component. Clean all parameters for all variants
Add component (AddParameter): Name = "Value"; Value = "VR 10K"; VariantName = "[No Variations]"
Added Pin To Net: NetName=VCC Pin=VR1-1
Added Pin To Net: NetName=NetLCD1_3 Pin=VR1-2
Added Pin To Net: NetName=GND Pin=VR1-3
Added Member To Class: ClassName=Sheet1 Member=Component VR1 10K
