Added Component: Designator=C1(CP2/5)
Add component. Clean all parameters for all variants
Add component (AddParameter): Name = "LatestRevisionDate"; Value = "17-Jul-2002"; VariantName = "[No Variations]"
Add component (AddParameter): Name = "LatestRevisionNote"; Value = "Re-released for DXP Platform."; VariantName = "[No Variations]"
Add component (AddParameter): Name = "PackageReference"; Value = "C0805"; VariantName = "[No Variations]"
Add component (AddParameter): Name = "Publisher"; Value = "Altium Limited"; VariantName = "[No Variations]"
Add component (AddParameter): Name = "Value"; Value = "1000pF/35V"; VariantName = "[No Variations]"
Add component (AddParameter ignored because duplicated): Name = "VALUE"; Value = "C?"; VariantName = "[No Variations]"
Added Component: Designator=IC1(DIP40/W0.6)
Add component. Clean all parameters for all variants
Add component (AddParameter): Name = "Value"; Value = "AT89S52"; VariantName = "[No Variations]"
Added Component: Designator=JDC1(DC-IN)
Add component. Clean all parameters for all variants
Add component (AddParameter): Name = "Value"; Value = "Jac DC"; VariantName = "[No Variations]"
Added Component: Designator=JP?(JP6)
Add component. Clean all parameters for all variants
Add component (AddParameter): Name = "Value"; Value = "JP7"; VariantName = "[No Variations]"
Added Component: Designator=R1(R1/4W)
Add component. Clean all parameters for all variants
Add component (AddParameter): Name = "Value"; Value = "R1/4W - 1K"; VariantName = "[No Variations]"
Added Component: Designator=SW1(SW2)
Add component. Clean all parameters for all variants
Add component (AddParameter): Name = "Value"; Value = "SW chip 2 pin"; VariantName = "[No Variations]"
Added Component: Designator=X1(XT2)
Add component. Clean all parameters for all variants
Add component (AddParameter): Name = "Value"; Value = "4Mhz"; VariantName = "[No Variations]"
Added Pin To Net: NetName=VCC Pin=C1-1
Added Pin To Net: NetName=RS Pin=C1-2
Added Pin To Net: NetName=RS Pin=IC1-9
Added Pin To Net: NetName=NetC2_2 Pin=IC1-18
Added Pin To Net: NetName=NetC3_2 Pin=IC1-19
Added Pin To Net: NetName=GND Pin=IC1-20
Added Pin To Net: NetName=VCC Pin=IC1-31
Added Pin To Net: NetName=VCC Pin=IC1-40
Added Pin To Net: NetName=VCC Pin=JDC1-1
Added Pin To Net: NetName=GND Pin=JDC1-2
Added Pin To Net: NetName=GND Pin=JP?-4
Added Pin To Net: NetName=VCC Pin=JP?-5
Added Pin To Net: NetName=GND Pin=R1-1
Added Pin To Net: NetName=RS Pin=R1-2
Added Pin To Net: NetName=GND Pin=SW1-1
Added Pin To Net: NetName=VCC Pin=SW1-2
Added Pin To Net: NetName=NetC2_2 Pin=X1-1
Added Pin To Net: NetName=NetC3_2 Pin=X1-2
Added Pin To Net: NetName=NetIC1_10 Pin=IC1-10
Added Pin To Net: NetName=NetIC1_10 Pin=JP?-3
Added Net: Name=NetIC1_10
Added Pin To Net: NetName=NetIC1_11 Pin=IC1-11
Added Pin To Net: NetName=NetIC1_11 Pin=JP?-2
Added Net: Name=NetIC1_11
Added Member To Class: ClassName=Sheet1 Member=Component C1 Cap Pol3
Added Member To Class: ClassName=Sheet1 Member=Component IC1 AT89S52
Added Member To Class: ClassName=Sheet1 Member=Component JDC1 Jac DC
Added Member To Class: ClassName=Sheet1 Member=Component JP? JP6 PIN
Added Member To Class: ClassName=Sheet1 Member=Component R1 1k
Added Member To Class: ClassName=Sheet1 Member=Component SW1 SW
Added Member To Class: ClassName=Sheet1 Member=Component X1 4Mhz
