Added Component: Designator=C22(CP2/5)
Add component. Clean all parameters for all variants
Add component (AddParameter): Name = "LatestRevisionDate"; Value = "17-Jul-2002"; VariantName = "[No Variations]"
Add component (AddParameter): Name = "LatestRevisionNote"; Value = "Re-released for DXP Platform."; VariantName = "[No Variations]"
Add component (AddParameter): Name = "PackageReference"; Value = "C0805"; VariantName = "[No Variations]"
Add component (AddParameter): Name = "Publisher"; Value = "Altium Limited"; VariantName = "[No Variations]"
Add component (AddParameter): Name = "Value"; Value = "1000pF/35V"; VariantName = "[No Variations]"
Add component (AddParameter ignored because duplicated): Name = "VALUE"; Value = "C?"; VariantName = "[No Variations]"
Added Component: Designator=C?(Cap Non-Pol 3mm)
Add component. Clean all parameters for all variants
Add component (AddParameter): Name = "LatestRevisionDate"; Value = "17-Jul-2002"; VariantName = "[No Variations]"
Add component (AddParameter): Name = "LatestRevisionNote"; Value = "Re-released for DXP Platform."; VariantName = "[No Variations]"
Add component (AddParameter): Name = "PackageReference"; Value = "RAD-0.3"; VariantName = "[No Variations]"
Add component (AddParameter): Name = "Published"; Value = "8-Jun-2000"; VariantName = "[No Variations]"
Add component (AddParameter): Name = "Publisher"; Value = "Altium Limited"; VariantName = "[No Variations]"
Add component (AddParameter): Name = "Value"; Value = "100uF"; VariantName = "[No Variations]"
Added Component: Designator=C?(Cap Non-Pol 3mm)
Add component. Clean all parameters for all variants
Add component (AddParameter): Name = "LatestRevisionDate"; Value = "17-Jul-2002"; VariantName = "[No Variations]"
Add component (AddParameter): Name = "LatestRevisionNote"; Value = "Re-released for DXP Platform."; VariantName = "[No Variations]"
Add component (AddParameter): Name = "PackageReference"; Value = "RAD-0.3"; VariantName = "[No Variations]"
Add component (AddParameter): Name = "Published"; Value = "8-Jun-2000"; VariantName = "[No Variations]"
Add component (AddParameter): Name = "Publisher"; Value = "Altium Limited"; VariantName = "[No Variations]"
Add component (AddParameter): Name = "Value"; Value = "100uF"; VariantName = "[No Variations]"
Added Component: Designator=DS?(7SEGS)
Add component. Clean all parameters for all variants
Add component (AddParameter): Name = "Value"; Value = "LED 7S SEG"; VariantName = "[No Variations]"
Added Component: Designator=DS?(7SEGS)
Add component. Clean all parameters for all variants
Add component (AddParameter): Name = "Value"; Value = "LED 7S SEG"; VariantName = "[No Variations]"
Added Component: Designator=DS?(7SEGS)
Add component. Clean all parameters for all variants
Add component (AddParameter): Name = "Value"; Value = "LED 7S SEG"; VariantName = "[No Variations]"
Added Component: Designator=DS?(7SEGS)
Add component. Clean all parameters for all variants
Add component (AddParameter): Name = "Value"; Value = "LED 7S SEG"; VariantName = "[No Variations]"
Added Component: Designator=DS?(7SEGS)
Add component. Clean all parameters for all variants
Add component (AddParameter): Name = "Value"; Value = "LED 7S SEG"; VariantName = "[No Variations]"
Added Component: Designator=DS?(7SEGS)
Add component. Clean all parameters for all variants
Add component (AddParameter): Name = "Value"; Value = "LED 7S SEG"; VariantName = "[No Variations]"
Added Component: Designator=IC?(DIP40/W0.6)
Add component. Clean all parameters for all variants
Add component (AddParameter): Name = "Value"; Value = "AT89S52"; VariantName = "[No Variations]"
Added Component: Designator=Q?(QTO-92)
Add component. Clean all parameters for all variants
Add component (AddParameter): Name = ""; Value = "C2383"; VariantName = "[No Variations]"
Add component (AddParameter): Name = "Value"; Value = "C1815"; VariantName = "[No Variations]"
Added Component: Designator=Q?(QTO-92)
Add component. Clean all parameters for all variants
Add component (AddParameter): Name = ""; Value = "C2383"; VariantName = "[No Variations]"
Add component (AddParameter): Name = "Value"; Value = "C1815"; VariantName = "[No Variations]"
Added Component: Designator=Q?(QTO-92)
Add component. Clean all parameters for all variants
Add component (AddParameter): Name = ""; Value = "C2383"; VariantName = "[No Variations]"
Add component (AddParameter): Name = "Value"; Value = "C1815"; VariantName = "[No Variations]"
Added Component: Designator=Q?(QTO-92)
Add component. Clean all parameters for all variants
Add component (AddParameter): Name = ""; Value = "C2383"; VariantName = "[No Variations]"
Add component (AddParameter): Name = "Value"; Value = "C1815"; VariantName = "[No Variations]"
Added Component: Designator=Q?(QTO-92)
Add component. Clean all parameters for all variants
Add component (AddParameter): Name = ""; Value = "C2383"; VariantName = "[No Variations]"
Add component (AddParameter): Name = "Value"; Value = "C1815"; VariantName = "[No Variations]"
Added Component: Designator=Q?(QTO-92)
Add component. Clean all parameters for all variants
Add component (AddParameter): Name = ""; Value = "C2383"; VariantName = "[No Variations]"
Add component (AddParameter): Name = "Value"; Value = "C1815"; VariantName = "[No Variations]"
Added Component: Designator=R?(R1/4W)
Add component. Clean all parameters for all variants
Add component (AddParameter): Name = "Value"; Value = "R1/4W - 1K"; VariantName = "[No Variations]"
Added Component: Designator=R?(R1/4W)
Add component. Clean all parameters for all variants
Add component (AddParameter): Name = "Value"; Value = "R1/4W - 1K"; VariantName = "[No Variations]"
Added Component: Designator=R?(R1/4W)
Add component. Clean all parameters for all variants
Add component (AddParameter): Name = "Value"; Value = "R1/4W - 1K"; VariantName = "[No Variations]"
Added Component: Designator=R?(R1/4W)
Add component. Clean all parameters for all variants
Add component (AddParameter): Name = "Value"; Value = "R1/4W - 1K"; VariantName = "[No Variations]"
Added Component: Designator=R?(R1/4W)
Add component. Clean all parameters for all variants
Add component (AddParameter): Name = "Value"; Value = "R1/4W - 1K"; VariantName = "[No Variations]"
Added Component: Designator=R?(R1/4W)
Add component. Clean all parameters for all variants
Add component (AddParameter): Name = "Value"; Value = "R1/4W - 1K"; VariantName = "[No Variations]"
Added Component: Designator=R?(R1/4W)
Add component. Clean all parameters for all variants
Add component (AddParameter): Name = "Value"; Value = "R1/4W - 1K"; VariantName = "[No Variations]"
Added Component: Designator=R?(R1/4W)
Add component. Clean all parameters for all variants
Add component (AddParameter): Name = "Value"; Value = "R1/4W - 1K"; VariantName = "[No Variations]"
Added Component: Designator=R?(R1/4W)
Add component. Clean all parameters for all variants
Add component (AddParameter): Name = "Value"; Value = "R1/4W - 1K"; VariantName = "[No Variations]"
Added Component: Designator=SW?(SW4)
Add component. Clean all parameters for all variants
Add component (AddParameter): Name = "Value"; Value = "Button chip 4 pin"; VariantName = "[No Variations]"
Added Component: Designator=SW?(SW4)
Add component. Clean all parameters for all variants
Add component (AddParameter): Name = "Value"; Value = "Button chip 4 pin"; VariantName = "[No Variations]"
Added Component: Designator=SW?(SW4)
Add component. Clean all parameters for all variants
Add component (AddParameter): Name = "Value"; Value = "Button chip 4 pin"; VariantName = "[No Variations]"
Added Component: Designator=X?(XT2)
Add component. Clean all parameters for all variants
Add component (AddParameter): Name = "Value"; Value = "4Mhz"; VariantName = "[No Variations]"
Added Pin To Net: NetName=a Pin=DS?-7
Added Pin To Net: NetName=a Pin=DS?-7
Added Pin To Net: NetName=a Pin=DS?-7
Added Pin To Net: NetName=a Pin=DS?-7
Added Pin To Net: NetName=a Pin=DS?-7
Added Pin To Net: NetName=a Pin=DS?-7
Added Pin To Net: NetName=a Pin=IC?-21
Added Net: Name=a
Added Pin To Net: NetName=b Pin=DS?-6
Added Pin To Net: NetName=b Pin=DS?-6
Added Pin To Net: NetName=b Pin=DS?-6
Added Pin To Net: NetName=b Pin=DS?-6
Added Pin To Net: NetName=b Pin=DS?-6
Added Pin To Net: NetName=b Pin=DS?-6
Added Pin To Net: NetName=b Pin=IC?-22
Added Net: Name=b
Added Pin To Net: NetName=c Pin=DS?-4
Added Pin To Net: NetName=c Pin=DS?-4
Added Pin To Net: NetName=c Pin=DS?-4
Added Pin To Net: NetName=c Pin=DS?-4
Added Pin To Net: NetName=c Pin=IC?-23
Added Net: Name=c
Added Pin To Net: NetName=d Pin=DS?-2
Added Pin To Net: NetName=d Pin=DS?-2
Added Pin To Net: NetName=d Pin=DS?-2
Added Pin To Net: NetName=d Pin=DS?-2
Added Pin To Net: NetName=d Pin=DS?-2
Added Pin To Net: NetName=d Pin=DS?-2
Added Pin To Net: NetName=d Pin=IC?-24
Added Net: Name=d
Added Pin To Net: NetName=e Pin=DS?-1
Added Pin To Net: NetName=e Pin=DS?-1
Added Pin To Net: NetName=e Pin=DS?-1
Added Pin To Net: NetName=e Pin=DS?-1
Added Pin To Net: NetName=e Pin=DS?-1
Added Pin To Net: NetName=e Pin=DS?-1
Added Pin To Net: NetName=e Pin=IC?-25
Added Net: Name=e
Added Pin To Net: NetName=f Pin=DS?-9
Added Pin To Net: NetName=f Pin=DS?-9
Added Pin To Net: NetName=f Pin=DS?-9
Added Pin To Net: NetName=f Pin=DS?-9
Added Pin To Net: NetName=f Pin=DS?-9
Added Pin To Net: NetName=f Pin=DS?-9
Added Pin To Net: NetName=f Pin=IC?-26
Added Net: Name=f
Added Pin To Net: NetName=GND Pin=C?-1
Added Pin To Net: NetName=GND Pin=C?-1
Added Pin To Net: NetName=GND Pin=IC?-20
Added Pin To Net: NetName=GND Pin=R?-1
Added Pin To Net: NetName=GND Pin=SW?-2
Added Pin To Net: NetName=GND Pin=SW?-2
Added Pin To Net: NetName=GND Pin=SW?-3
Added Pin To Net: NetName=GND Pin=SW?-4
Added Pin To Net: NetName=GND Pin=SW?-4
Added Net: Name=GND
Added Pin To Net: NetName=g Pin=DS?-10
Added Pin To Net: NetName=g Pin=DS?-10
Added Pin To Net: NetName=g Pin=DS?-10
Added Pin To Net: NetName=g Pin=DS?-10
Added Pin To Net: NetName=g Pin=DS?-10
Added Pin To Net: NetName=g Pin=DS?-10
Added Pin To Net: NetName=g Pin=IC?-27
Added Net: Name=g
Added Pin To Net: NetName=INT0 Pin=IC?-12
Added Pin To Net: NetName=INT0 Pin=R?-2
Added Pin To Net: NetName=INT0 Pin=SW?-1
Added Pin To Net: NetName=INT0 Pin=SW?-3
Added Net: Name=INT0
Added Pin To Net: NetName=INT1 Pin=IC?-13
Added Pin To Net: NetName=INT1 Pin=R?-2
Added Pin To Net: NetName=INT1 Pin=SW?-1
Added Pin To Net: NetName=INT1 Pin=SW?-3
Added Net: Name=INT1
Added Pin To Net: NetName=L1 Pin=DS?-3
Added Pin To Net: NetName=L1 Pin=DS?-8
Added Pin To Net: NetName=L1 Pin=R?-1
Added Net: Name=L1
Added Pin To Net: NetName=L2 Pin=DS?-3
Added Pin To Net: NetName=L2 Pin=DS?-8
Added Pin To Net: NetName=L2 Pin=R?-1
Added Net: Name=L2
Added Pin To Net: NetName=L3 Pin=DS?-3
Added Pin To Net: NetName=L3 Pin=DS?-8
Added Pin To Net: NetName=L3 Pin=R?-1
Added Net: Name=L3
Added Pin To Net: NetName=L4 Pin=DS?-3
Added Pin To Net: NetName=L4 Pin=DS?-8
Added Pin To Net: NetName=L4 Pin=R?-1
Added Net: Name=L4
Added Pin To Net: NetName=L5 Pin=DS?-3
Added Pin To Net: NetName=L5 Pin=DS?-8
Added Pin To Net: NetName=L5 Pin=R?-1
Added Net: Name=L5
Added Pin To Net: NetName=L6 Pin=DS?-3
Added Pin To Net: NetName=L6 Pin=DS?-8
Added Pin To Net: NetName=L6 Pin=R?-1
Added Net: Name=L6
Added Pin To Net: NetName=NetC?_2 Pin=C?-2
Added Pin To Net: NetName=NetC?_2 Pin=IC?-18
Added Pin To Net: NetName=NetC?_2 Pin=X?-1
Added Net: Name=NetC?_2
Added Pin To Net: NetName=NetQ?_1 Pin=Q?-1
Added Pin To Net: NetName=NetQ?_1 Pin=R?-2
Added Net: Name=NetQ?_1
Added Pin To Net: NetName=RS Pin=C22-2
Added Pin To Net: NetName=RS Pin=IC?-9
Added Pin To Net: NetName=RS Pin=R?-2
Added Net: Name=RS
Added Pin To Net: NetName=T1 Pin=IC?-1
Added Pin To Net: NetName=T1 Pin=Q?-3
Added Net: Name=T1
Added Pin To Net: NetName=T2 Pin=IC?-2
Added Pin To Net: NetName=T2 Pin=Q?-3
Added Net: Name=T2
Added Pin To Net: NetName=T3 Pin=IC?-3
Added Pin To Net: NetName=T3 Pin=Q?-3
Added Net: Name=T3
Added Pin To Net: NetName=T4 Pin=IC?-4
Added Pin To Net: NetName=T4 Pin=Q?-3
Added Net: Name=T4
Added Pin To Net: NetName=T5 Pin=IC?-5
Added Pin To Net: NetName=T5 Pin=Q?-3
Added Net: Name=T5
Added Pin To Net: NetName=T6 Pin=IC?-6
Added Pin To Net: NetName=T6 Pin=Q?-3
Added Net: Name=T6
Added Pin To Net: NetName=VCC Pin=C22-1
Added Pin To Net: NetName=VCC Pin=IC?-31
Added Pin To Net: NetName=VCC Pin=IC?-40
Added Pin To Net: NetName=VCC Pin=Q?-2
Added Pin To Net: NetName=VCC Pin=Q?-2
Added Pin To Net: NetName=VCC Pin=Q?-2
Added Pin To Net: NetName=VCC Pin=Q?-2
Added Pin To Net: NetName=VCC Pin=Q?-2
Added Pin To Net: NetName=VCC Pin=Q?-2
Added Pin To Net: NetName=VCC Pin=R?-1
Added Pin To Net: NetName=VCC Pin=R?-1
Added Pin To Net: NetName=VCC Pin=SW?-4
Added Net: Name=VCC
Added Class: Name=Sheet1
Added Room: Name=Sheet1
