Removed Pin From Net: NetName=a Pin=R25-1
Removed Pin From Net: NetName=a Pin=R25-2
Removed Pin From Net: NetName=b Pin=R26-1
Removed Pin From Net: NetName=b Pin=R26-2
Removed Pin From Net: NetName=c Pin=R27-1
Removed Pin From Net: NetName=c Pin=R27-2
Removed Pin From Net: NetName=d Pin=R28-1
Removed Pin From Net: NetName=d Pin=R28-2
Removed Pin From Net: NetName=e Pin=R29-1
Removed Pin From Net: NetName=e Pin=R29-2
Removed Pin From Net: NetName=f Pin=R30-1
Removed Pin From Net: NetName=f Pin=R30-2
Removed Pin From Net: NetName=g Pin=R31-1
Removed Pin From Net: NetName=g Pin=R31-2
Removed Pin From Net: NetName=a Pin=R33-1
Removed Pin From Net: NetName=a Pin=R33-2
Removed Pin From Net: NetName=b Pin=R34-1
Removed Pin From Net: NetName=b Pin=R34-2
Removed Pin From Net: NetName=c Pin=R35-1
Removed Pin From Net: NetName=c Pin=R35-2
Removed Pin From Net: NetName=d Pin=R36-1
Removed Pin From Net: NetName=d Pin=R36-2
Removed Pin From Net: NetName=e Pin=R37-1
Removed Pin From Net: NetName=e Pin=R37-2
Removed Pin From Net: NetName=f Pin=R38-1
Removed Pin From Net: NetName=f Pin=R38-2
Removed Pin From Net: NetName=g Pin=R39-1
Removed Pin From Net: NetName=g Pin=R39-2
Removed Pin From Net: NetName=a Pin=R40-1
Removed Pin From Net: NetName=a Pin=R40-2
Removed Pin From Net: NetName=b Pin=R41-1
Removed Pin From Net: NetName=b Pin=R41-2
Removed Pin From Net: NetName=c Pin=R42-1
Removed Pin From Net: NetName=c Pin=R42-2
Removed Pin From Net: NetName=d Pin=R43-1
Removed Pin From Net: NetName=d Pin=R43-2
Removed Pin From Net: NetName=e Pin=R44-1
Removed Pin From Net: NetName=e Pin=R44-2
Removed Pin From Net: NetName=f Pin=R45-1
Removed Pin From Net: NetName=f Pin=R45-2
Removed Pin From Net: NetName=g Pin=R46-1
Removed Pin From Net: NetName=g Pin=R46-2
Removed Pin From Net: NetName=a Pin=R48-1
Removed Pin From Net: NetName=a Pin=R48-2
Removed Pin From Net: NetName=b Pin=R49-1
Removed Pin From Net: NetName=b Pin=R49-2
Removed Pin From Net: NetName=c Pin=R50-1
Removed Pin From Net: NetName=c Pin=R50-2
Removed Pin From Net: NetName=d Pin=R51-1
Removed Pin From Net: NetName=d Pin=R51-2
Removed Pin From Net: NetName=e Pin=R52-1
Removed Pin From Net: NetName=e Pin=R52-2
Removed Pin From Net: NetName=f Pin=R53-1
Removed Pin From Net: NetName=f Pin=R53-2
Removed Pin From Net: NetName=g Pin=R54-1
Removed Pin From Net: NetName=g Pin=R54-2
Added Component: Designator=R55(R1/4W)
Add component. Clean all parameters for all variants
Add component (AddParameter): Name = "Value"; Value = "R1/4W - 1K"; VariantName = "[No Variations]"
Added Component: Designator=R56(R1/4W)
Add component. Clean all parameters for all variants
Add component (AddParameter): Name = "Value"; Value = "R1/4W - 1K"; VariantName = "[No Variations]"
Added Component: Designator=R57(R1/4W)
Add component. Clean all parameters for all variants
Add component (AddParameter): Name = "Value"; Value = "R1/4W - 1K"; VariantName = "[No Variations]"
Added Pin To Net: NetName=L1 Pin=R17-1
Added Pin To Net: NetName=L1 Pin=R17-2
Added Pin To Net: NetName=L1 Pin=R25-1
Added Pin To Net: NetName=L1 Pin=R25-2
Added Pin To Net: NetName=a Pin=R26-1
Added Pin To Net: NetName=a Pin=R26-2
Added Pin To Net: NetName=b Pin=R27-1
Added Pin To Net: NetName=b Pin=R27-2
Added Pin To Net: NetName=c Pin=R28-1
Added Pin To Net: NetName=c Pin=R28-2
Added Pin To Net: NetName=d Pin=R29-1
Added Pin To Net: NetName=d Pin=R29-2
Added Pin To Net: NetName=e Pin=R30-1
Added Pin To Net: NetName=e Pin=R30-2
Added Pin To Net: NetName=f Pin=R31-1
Added Pin To Net: NetName=f Pin=R31-2
Added Pin To Net: NetName=g Pin=R32-1
Added Pin To Net: NetName=g Pin=R32-2
Added Pin To Net: NetName=L1 Pin=R33-1
Added Pin To Net: NetName=L1 Pin=R33-2
Added Pin To Net: NetName=a Pin=R34-1
Added Pin To Net: NetName=a Pin=R34-2
Added Pin To Net: NetName=b Pin=R35-1
Added Pin To Net: NetName=b Pin=R35-2
Added Pin To Net: NetName=c Pin=R36-1
Added Pin To Net: NetName=c Pin=R36-2
Added Pin To Net: NetName=d Pin=R37-1
Added Pin To Net: NetName=d Pin=R37-2
Added Pin To Net: NetName=e Pin=R38-1
Added Pin To Net: NetName=e Pin=R38-2
Added Pin To Net: NetName=f Pin=R39-1
Added Pin To Net: NetName=f Pin=R39-2
Added Pin To Net: NetName=g Pin=R40-1
Added Pin To Net: NetName=g Pin=R40-2
Added Pin To Net: NetName=L1 Pin=R41-1
Added Pin To Net: NetName=L1 Pin=R41-2
Added Pin To Net: NetName=a Pin=R42-1
Added Pin To Net: NetName=a Pin=R42-2
Added Pin To Net: NetName=b Pin=R43-1
Added Pin To Net: NetName=b Pin=R43-2
Added Pin To Net: NetName=c Pin=R44-1
Added Pin To Net: NetName=c Pin=R44-2
Added Pin To Net: NetName=d Pin=R45-1
Added Pin To Net: NetName=d Pin=R45-2
Added Pin To Net: NetName=e Pin=R46-1
Added Pin To Net: NetName=e Pin=R46-2
Added Pin To Net: NetName=f Pin=R47-1
Added Pin To Net: NetName=f Pin=R47-2
Added Pin To Net: NetName=g Pin=R48-1
Added Pin To Net: NetName=g Pin=R48-2
Added Pin To Net: NetName=L1 Pin=R49-1
Added Pin To Net: NetName=L1 Pin=R49-2
Added Pin To Net: NetName=a Pin=R50-1
Added Pin To Net: NetName=a Pin=R50-2
Added Pin To Net: NetName=b Pin=R51-1
Added Pin To Net: NetName=b Pin=R51-2
Added Pin To Net: NetName=c Pin=R52-1
Added Pin To Net: NetName=c Pin=R52-2
Added Pin To Net: NetName=d Pin=R53-1
Added Pin To Net: NetName=d Pin=R53-2
Added Pin To Net: NetName=e Pin=R54-1
Added Pin To Net: NetName=e Pin=R54-2
Added Pin To Net: NetName=f Pin=R55-1
Added Pin To Net: NetName=f Pin=R55-2
Added Pin To Net: NetName=g Pin=R56-1
Added Pin To Net: NetName=g Pin=R56-2
Added Pin To Net: NetName=L1 Pin=R57-1
Added Pin To Net: NetName=L1 Pin=R57-2
Added Member To Class: ClassName=Sheet1 Member=Component R55 1k
Added Member To Class: ClassName=Sheet1 Member=Component R56 1k
Added Member To Class: ClassName=Sheet1 Member=Component R57 1k
