C51 COMPILER V9.01   MAIN                                                                  03/25/2019 11:48:36 PAGE 1   


C51 COMPILER V9.01, COMPILATION OF MODULE MAIN
OBJECT MODULE PLACED IN main.OBJ
COMPILER INVOKED BY: C:\Tools\Keil C V4\C51\BIN\C51.EXE main.c OMF2 BROWSE DEBUG

line level    source

   1          #include <REGX51.H>
   2          #include "./uart.h"
   3          #include "./cli.h"
   4          unsigned char i = 0;
   5          void main()
   6          {
   7   1              P0 = 0x00;
   8   1              P1 = 0x00;
   9   1              P2 = 0xff;
  10   1              uart_init();
  11   1              timer0_init();
  12   1              write_index = 0;
  13   1              memset(buffer,0,BUFFER_SIZE);
  14   1              _data = 0;
  15   1      
  16   1              delay(15000);   
  17   1      
  18   1              do{
  19   2              uart_send_str("ATD+84982634613;\r\n");
  20   2              }while(_data !=0);
  21   1      
  22   1      
  23   1              _data = 0;
  24   1      
  25   1              while(1)
  26   1              {       
  27   2                      if(_data != 0)
  28   2                      {                       
  29   3                              prepare_cli(_data);
  30   3                              _data = 0;
  31   3                      }       
  32   2              }                               
  33   1      }
  34          /****************** INTERRUPT  ******************************/
  35          void timer0_ISR(void) interrupt 1
  36          {
  37   1               tick++;
  38   1               TH0 = 0xFC;
  39   1               TL0 = 0x66;
  40   1      }
  41          /* UART receive data interrupt */
  42          void uart_ISR(void) interrupt 4
  43          {
  44   1              if(RI == 1)
  45   1              {
  46   2                      _data = SBUF;
  47   2                      RI = 0;
  48   2              }
  49   1      }


MODULE INFORMATION:   STATIC OVERLAYABLE
   CODE SIZE        =    144    ----
   CONSTANT SIZE    =     19    ----
   XDATA SIZE       =   ----    ----
C51 COMPILER V9.01   MAIN                                                                  03/25/2019 11:48:36 PAGE 2   

   PDATA SIZE       =   ----    ----
   DATA SIZE        =      1    ----
   IDATA SIZE       =   ----    ----
   BIT SIZE         =   ----    ----
   EDATA SIZE       =   ----    ----
   HDATA SIZE       =   ----    ----
   XDATA CONST SIZE =   ----    ----
   FAR CONST SIZE   =   ----    ----
END OF MODULE INFORMATION.


C51 COMPILATION COMPLETE.  0 WARNING(S),  0 ERROR(S)
