C51 COMPILER V9.01   TIMER                                                                 03/25/2019 11:48:36 PAGE 1   


C51 COMPILER V9.01, COMPILATION OF MODULE TIMER
OBJECT MODULE PLACED IN timer.OBJ
COMPILER INVOKED BY: C:\Tools\Keil C V4\C51\BIN\C51.EXE timer.c OMF2 BROWSE DEBUG

line level    source

   1          #include "timer.h"
   2          
   3          volatile unsigned long tick = 0;
   4          
   5          /****************** TIMER ******************************/
   6          void timer0_init()         // 1ms
   7          {
   8   1              TMOD &= 0xF0;
   9   1              TMOD |= 0x01; // 16 bit
  10   1      
  11   1              TH0 = 0xFC;
  12   1              TL0 = 0x67;
  13   1      
  14   1              IE |= 0x82;   // enable timer0 interrupt
  15   1              
  16   1              TR0 = 1;
  17   1      }
  18          /****************** delay function ******************************/
  19          void delay(unsigned long time)
  20          {
  21   1              unsigned long current_tick = tick;
  22   1              while(!(tick - current_tick == time));
  23   1      }


MODULE INFORMATION:   STATIC OVERLAYABLE
   CODE SIZE        =     82    ----
   CONSTANT SIZE    =   ----    ----
   XDATA SIZE       =   ----    ----
   PDATA SIZE       =   ----    ----
   DATA SIZE        =      4       8
   IDATA SIZE       =   ----    ----
   BIT SIZE         =   ----    ----
   EDATA SIZE       =   ----    ----
   HDATA SIZE       =   ----    ----
   XDATA CONST SIZE =   ----    ----
   FAR CONST SIZE   =   ----    ----
END OF MODULE INFORMATION.


C51 COMPILATION COMPLETE.  0 WARNING(S),  0 ERROR(S)
