C51 COMPILER V9.01   MAIN                                                                  05/06/2020 10:07:59 PAGE 1   


C51 COMPILER V9.01, COMPILATION OF MODULE MAIN
OBJECT MODULE PLACED IN main.OBJ
COMPILER INVOKED BY: D:\Tools\Keil C4\C51\BIN\C51.EXE main.c BROWSE DEBUG OBJECTEXTEND

line level    source

   1          #include <REGX51.H>
   2          
   3          volatile char _data = 0;
   4          
   5          /****************** UART ******************************/
   6          void uart_init()
   7          {
   8   1              TMOD &= 0x0F;
   9   1              TMOD |= 0x20;    // timer1 mode 2 auto update
  10   1              SCON = 0x50;    // uart 8bit baudrate is selected by timer1
  11   1              TH1 = 0xFD; //9600      
  12   1              IE |= 0x90;    // enable interrupt uart 
  13   1              TR1 = 1;
  14   1      }
  15          /* UART send 1 byte */
  16          void uart_send_byte(char data_)
  17          {
  18   1              SBUF = data_;
  19   1              while(TI ==0){}
  20   1              TI = 0;
  21   1      
  22   1      }
  23          /* UART send string */
  24          void uart_send_str(char* str)
  25          {
  26   1              while(*str)
  27   1              {
  28   2                      uart_send_byte(*str);
  29   2                      str++;  
  30   2              }
  31   1      }
  32          
  33          void main()
  34          {
  35   1              P3 = 0x00;
  36   1              uart_init();
  37   1              
  38   1              while (1)
  39   1              {       
  40   2              }                               
  41   1      }
  42          
  43          /* UART receive data interrupt */
  44          void uart_ISR(void) interrupt 4
  45          {
  46   1              if (RI == 1)
  47   1              {
  48   2                      _data = SBUF;
  49   2                      RI = 0;
  50   2                      
  51   2                      if (_data == '1' || _data == 1)
  52   2                              P3_7 = 1;
  53   2                      else if (_data == '0' || _data == 0)
  54   2                              P3_7 = 0;
  55   2      
C51 COMPILER V9.01   MAIN                                                                  05/06/2020 10:07:59 PAGE 2   

  56   2                      uart_send_byte(_data);
  57   2              }
  58   1      }


MODULE INFORMATION:   STATIC OVERLAYABLE
   CODE SIZE        =    109    ----
   CONSTANT SIZE    =   ----    ----
   XDATA SIZE       =   ----    ----
   PDATA SIZE       =   ----    ----
   DATA SIZE        =      1    ----
   IDATA SIZE       =   ----    ----
   BIT SIZE         =   ----    ----
END OF MODULE INFORMATION.


C51 COMPILATION COMPLETE.  0 WARNING(S),  0 ERROR(S)
